<?xml version="1.0" encoding="UTF-8"?>
<testsuite xmlns:xsi="http://www.w3.org/2001/XMLSchema-instance" xsi:noNamespaceSchemaLocation="https://maven.apache.org/surefire/maven-surefire-plugin/xsd/surefire-test-report-3.0.xsd" version="3.0" name="com.telcobright.scheduler.TableCreationTest" time="2.94" tests="1" errors="0" skipped="0" failures="0">
  <properties>
    <property name="java.specification.version" value="21"/>
    <property name="sun.jnu.encoding" value="UTF-8"/>
    <property name="java.class.path" value="/home/mustafa/telcobright-projects/infinite-scheduler/target/test-classes:/home/mustafa/telcobright-projects/infinite-scheduler/target/classes:/home/mustafa/.m2/repository/org/quartz-scheduler/quartz/2.3.2/quartz-2.3.2.jar:/home/mustafa/.m2/repository/com/mchange/c3p0/0.9.5.4/c3p0-0.9.5.4.jar:/home/mustafa/.m2/repository/com/mchange/mchange-commons-java/0.2.15/mchange-commons-java-0.2.15.jar:/home/mustafa/.m2/repository/com/zaxxer/HikariCP-java7/2.4.13/HikariCP-java7-2.4.13.jar:/home/mustafa/.m2/repository/com/telcobright/db/partitioned-repo/1.0.0/partitioned-repo-1.0.0.jar:/home/mustafa/.m2/repository/org/apache/shardingsphere/shardingsphere-jdbc-core/5.4.1/shardingsphere-jdbc-core-5.4.1.jar:/home/mustafa/.m2/repository/org/apache/shardingsphere/shardingsphere-transaction-core/5.4.1/shardingsphere-transaction-core-5.4.1.jar:/home/mustafa/.m2/repository/org/apache/shardingsphere/shardingsphere-transaction-api/5.4.1/shardingsphere-transaction-api-5.4.1.jar:/home/mustafa/.m2/repository/org/apache/shardingsphere/shardingsphere-infra-executor/5.4.1/shardingsphere-infra-executor-5.4.1.jar:/home/mustafa/.m2/repository/com/alibaba/transmittable-thread-local/2.14.2/transmittable-thread-local-2.14.2.jar:/home/mustafa/.m2/repository/org/apache/shardingsphere/shardingsphere-global-clock-core/5.4.1/shardingsphere-global-clock-core-5.4.1.jar:/home/mustafa/.m2/repository/org/apache/shardingsphere/shardingsphere-global-clock-api/5.4.1/shardingsphere-global-clock-api-5.4.1.jar:/home/mustafa/.m2/repository/org/apache/shardingsphere/shardingsphere-infra-common/5.4.1/shardingsphere-infra-common-5.4.1.jar:/home/mustafa/.m2/repository/org/apache/shardingsphere/shardingsphere-infra-util/5.4.1/shardingsphere-infra-util-5.4.1.jar:/home/mustafa/.m2/repository/org/apache/shardingsphere/shardingsphere-infra-spi/5.4.1/shardingsphere-infra-spi-5.4.1.jar:/home/mustafa/.m2/repository/org/yaml/snakeyaml/1.33/snakeyaml-1.33.jar:/home/mustafa/.m2/repository/org/apache/shardingsphere/shardingsphere-infra-database-mariadb/5.4.1/shardingsphere-infra-database-mariadb-5.4.1.jar:/home/mustafa/.m2/repository/org/apache/shardingsphere/shardingsphere-infra-database-h2/5.4.1/shardingsphere-infra-database-h2-5.4.1.jar:/home/mustafa/.m2/repository/org/apache/shardingsphere/shardingsphere-infra-data-source-pool-hikari/5.4.1/shardingsphere-infra-data-source-pool-hikari-5.4.1.jar:/home/mustafa/.m2/repository/org/apache/shardingsphere/shardingsphere-infra-data-source-pool-core/5.4.1/shardingsphere-infra-data-source-pool-core-5.4.1.jar:/home/mustafa/.m2/repository/org/apache/shardingsphere/shardingsphere-mode-core/5.4.1/shardingsphere-mode-core-5.4.1.jar:/home/mustafa/.m2/repository/org/apache/shardingsphere/shardingsphere-global-clock-tso-core/5.4.1/shardingsphere-global-clock-tso-core-5.4.1.jar:/home/mustafa/.m2/repository/org/apache/shardingsphere/shardingsphere-global-clock-tso-spi/5.4.1/shardingsphere-global-clock-tso-spi-5.4.1.jar:/home/mustafa/.m2/repository/org/apache/shardingsphere/shardingsphere-parser-sql-sql92/5.4.1/shardingsphere-parser-sql-sql92-5.4.1.jar:/home/mustafa/.m2/repository/org/apache/shardingsphere/shardingsphere-infra-database-sql92/5.4.1/shardingsphere-infra-database-sql92-5.4.1.jar:/home/mustafa/.m2/repository/org/apache/shardingsphere/shardingsphere-infra-database-core/5.4.1/shardingsphere-infra-database-core-5.4.1.jar:/home/mustafa/.m2/repository/org/apache/shardingsphere/shardingsphere-infra-exception-core/5.4.1/shardingsphere-infra-exception-core-5.4.1.jar:/home/mustafa/.m2/repository/org/apache/shardingsphere/shardingsphere-parser-sql-engine/5.4.1/shardingsphere-parser-sql-engine-5.4.1.jar:/home/mustafa/.m2/repository/org/apache/shardingsphere/shardingsphere-parser-sql-spi/5.4.1/shardingsphere-parser-sql-spi-5.4.1.jar:/home/mustafa/.m2/repository/org/apache/shardingsphere/shardingsphere-parser-sql-statement/5.4.1/shardingsphere-parser-sql-statement-5.4.1.jar:/home/mustafa/.m2/repository/org/antlr/antlr4-runtime/4.10.1/antlr4-runtime-4.10.1.jar:/home/mustafa/.m2/repository/com/github/ben-manes/caffeine/caffeine/2.9.3/caffeine-2.9.3.jar:/home/mustafa/.m2/repository/org/apache/shardingsphere/shardingsphere-parser-sql-mysql/5.4.1/shardingsphere-parser-sql-mysql-5.4.1.jar:/home/mustafa/.m2/repository/org/apache/shardingsphere/shardingsphere-infra-database-mysql/5.4.1/shardingsphere-infra-database-mysql-5.4.1.jar:/home/mustafa/.m2/repository/org/apache/shardingsphere/shardingsphere-parser-sql-postgresql/5.4.1/shardingsphere-parser-sql-postgresql-5.4.1.jar:/home/mustafa/.m2/repository/org/apache/shardingsphere/shardingsphere-infra-database-postgresql/5.4.1/shardingsphere-infra-database-postgresql-5.4.1.jar:/home/mustafa/.m2/repository/org/apache/shardingsphere/shardingsphere-parser-sql-oracle/5.4.1/shardingsphere-parser-sql-oracle-5.4.1.jar:/home/mustafa/.m2/repository/org/apache/shardingsphere/shardingsphere-infra-database-oracle/5.4.1/shardingsphere-infra-database-oracle-5.4.1.jar:/home/mustafa/.m2/repository/org/apache/shardingsphere/shardingsphere-parser-sql-sqlserver/5.4.1/shardingsphere-parser-sql-sqlserver-5.4.1.jar:/home/mustafa/.m2/repository/org/apache/shardingsphere/shardingsphere-infra-database-sqlserver/5.4.1/shardingsphere-infra-database-sqlserver-5.4.1.jar:/home/mustafa/.m2/repository/org/apache/shardingsphere/shardingsphere-parser-sql-opengauss/5.4.1/shardingsphere-parser-sql-opengauss-5.4.1.jar:/home/mustafa/.m2/repository/org/apache/shardingsphere/shardingsphere-infra-database-opengauss/5.4.1/shardingsphere-infra-database-opengauss-5.4.1.jar:/home/mustafa/.m2/repository/org/apache/shardingsphere/shardingsphere-mysql-dialect-exception/5.4.1/shardingsphere-mysql-dialect-exception-5.4.1.jar:/home/mustafa/.m2/repository/org/apache/shardingsphere/shardingsphere-infra-exception-dialect-core/5.4.1/shardingsphere-infra-exception-dialect-core-5.4.1.jar:/home/mustafa/.m2/repository/org/apache/shardingsphere/shardingsphere-postgresql-dialect-exception/5.4.1/shardingsphere-postgresql-dialect-exception-5.4.1.jar:/home/mustafa/.m2/repository/org/apache/shardingsphere/shardingsphere-authority-core/5.4.1/shardingsphere-authority-core-5.4.1.jar:/home/mustafa/.m2/repository/org/apache/shardingsphere/shardingsphere-authority-api/5.4.1/shardingsphere-authority-api-5.4.1.jar:/home/mustafa/.m2/repository/org/apache/shardingsphere/shardingsphere-mode-api/5.4.1/shardingsphere-mode-api-5.4.1.jar:/home/mustafa/.m2/repository/org/apache/shardingsphere/shardingsphere-single-core/5.4.1/shardingsphere-single-core-5.4.1.jar:/home/mustafa/.m2/repository/org/apache/shardingsphere/shardingsphere-single-api/5.4.1/shardingsphere-single-api-5.4.1.jar:/home/mustafa/.m2/repository/org/apache/shardingsphere/shardingsphere-sql-federation-api/5.4.1/shardingsphere-sql-federation-api-5.4.1.jar:/home/mustafa/.m2/repository/org/apache/shardingsphere/shardingsphere-infra-route/5.4.1/shardingsphere-infra-route-5.4.1.jar:/home/mustafa/.m2/repository/org/apache/shardingsphere/shardingsphere-traffic-core/5.4.1/shardingsphere-traffic-core-5.4.1.jar:/home/mustafa/.m2/repository/org/apache/shardingsphere/shardingsphere-infra-binder/5.4.1/shardingsphere-infra-binder-5.4.1.jar:/home/mustafa/.m2/repository/org/apache/shardingsphere/shardingsphere-traffic-api/5.4.1/shardingsphere-traffic-api-5.4.1.jar:/home/mustafa/.m2/repository/org/apache/shardingsphere/shardingsphere-infra-context/5.4.1/shardingsphere-infra-context-5.4.1.jar:/home/mustafa/.m2/repository/org/apache/shardingsphere/shardingsphere-infra-session/5.4.1/shardingsphere-infra-session-5.4.1.jar:/home/mustafa/.m2/repository/org/apache/shardingsphere/shardingsphere-parser-distsql-engine/5.4.1/shardingsphere-parser-distsql-engine-5.4.1.jar:/home/mustafa/.m2/repository/org/apache/shardingsphere/shardingsphere-parser-distsql-statement/5.4.1/shardingsphere-parser-distsql-statement-5.4.1.jar:/home/mustafa/.m2/repository/org/apache/shardingsphere/shardingsphere-sql-translator-core/5.4.1/shardingsphere-sql-translator-core-5.4.1.jar:/home/mustafa/.m2/repository/org/apache/shardingsphere/shardingsphere-sql-translator-api/5.4.1/shardingsphere-sql-translator-api-5.4.1.jar:/home/mustafa/.m2/repository/org/apache/shardingsphere/shardingsphere-standalone-mode-core/5.4.1/shardingsphere-standalone-mode-core-5.4.1.jar:/home/mustafa/.m2/repository/org/apache/shardingsphere/shardingsphere-standalone-mode-repository-api/5.4.1/shardingsphere-standalone-mode-repository-api-5.4.1.jar:/home/mustafa/.m2/repository/org/apache/shardingsphere/shardingsphere-standalone-mode-repository-jdbc/5.4.1/shardingsphere-standalone-mode-repository-jdbc-5.4.1.jar:/home/mustafa/.m2/repository/javax/xml/bind/jaxb-api/2.3.0/jaxb-api-2.3.0.jar:/home/mustafa/.m2/repository/com/sun/xml/bind/jaxb-core/2.3.0/jaxb-core-2.3.0.jar:/home/mustafa/.m2/repository/com/sun/xml/bind/jaxb-impl/2.3.0/jaxb-impl-2.3.0.jar:/home/mustafa/.m2/repository/javax/activation/javax.activation-api/1.2.0/javax.activation-api-1.2.0.jar:/home/mustafa/.m2/repository/org/apache/shardingsphere/shardingsphere-cluster-mode-core/5.4.1/shardingsphere-cluster-mode-core-5.4.1.jar:/home/mustafa/.m2/repository/org/apache/shardingsphere/shardingsphere-cluster-mode-repository-api/5.4.1/shardingsphere-cluster-mode-repository-api-5.4.1.jar:/home/mustafa/.m2/repository/org/apache/shardingsphere/shardingsphere-metadata-core/5.4.1/shardingsphere-metadata-core-5.4.1.jar:/home/mustafa/.m2/repository/org/apache/shardingsphere/shardingsphere-sharding-core/5.4.1/shardingsphere-sharding-core-5.4.1.jar:/home/mustafa/.m2/repository/org/apache/shardingsphere/shardingsphere-sharding-api/5.4.1/shardingsphere-sharding-api-5.4.1.jar:/home/mustafa/.m2/repository/org/apache/shardingsphere/shardingsphere-data-pipeline-api/5.4.1/shardingsphere-data-pipeline-api-5.4.1.jar:/home/mustafa/.m2/repository/org/apache/shardingsphere/shardingsphere-infra-rewrite/5.4.1/shardingsphere-infra-rewrite-5.4.1.jar:/home/mustafa/.m2/repository/org/apache/shardingsphere/shardingsphere-sql-translator-native-provider/5.4.1/shardingsphere-sql-translator-native-provider-5.4.1.jar:/home/mustafa/.m2/repository/org/apache/shardingsphere/shardingsphere-infra-merge/5.4.1/shardingsphere-infra-merge-5.4.1.jar:/home/mustafa/.m2/repository/org/apache/shardingsphere/shardingsphere-time-service-core/5.4.1/shardingsphere-time-service-core-5.4.1.jar:/home/mustafa/.m2/repository/org/apache/shardingsphere/shardingsphere-time-service-api/5.4.1/shardingsphere-time-service-api-5.4.1.jar:/home/mustafa/.m2/repository/org/apache/shardingsphere/shardingsphere-system-time-service/5.4.1/shardingsphere-system-time-service-5.4.1.jar:/home/mustafa/.m2/repository/org/apache/shardingsphere/shardingsphere-infra-expr-core/5.4.1/shardingsphere-infra-expr-core-5.4.1.jar:/home/mustafa/.m2/repository/org/apache/shardingsphere/shardingsphere-infra-expr-spi/5.4.1/shardingsphere-infra-expr-spi-5.4.1.jar:/home/mustafa/.m2/repository/org/apache/shardingsphere/shardingsphere-infra-expr-groovy/5.4.1/shardingsphere-infra-expr-groovy-5.4.1.jar:/home/mustafa/.m2/repository/org/apache/shardingsphere/shardingsphere-infra-expr-literal/5.4.1/shardingsphere-infra-expr-literal-5.4.1.jar:/home/mustafa/.m2/repository/org/apache/shardingsphere/shardingsphere-broadcast-core/5.4.1/shardingsphere-broadcast-core-5.4.1.jar:/home/mustafa/.m2/repository/org/apache/shardingsphere/shardingsphere-broadcast-api/5.4.1/shardingsphere-broadcast-api-5.4.1.jar:/home/mustafa/.m2/repository/org/apache/shardingsphere/shardingsphere-readwrite-splitting-core/5.4.1/shardingsphere-readwrite-splitting-core-5.4.1.jar:/home/mustafa/.m2/repository/org/apache/shardingsphere/shardingsphere-readwrite-splitting-api/5.4.1/shardingsphere-readwrite-splitting-api-5.4.1.jar:/home/mustafa/.m2/repository/org/apache/shardingsphere/shardingsphere-encrypt-core/5.4.1/shardingsphere-encrypt-core-5.4.1.jar:/home/mustafa/.m2/repository/org/apache/shardingsphere/shardingsphere-encrypt-api/5.4.1/shardingsphere-encrypt-api-5.4.1.jar:/home/mustafa/.m2/repository/commons-codec/commons-codec/1.16.0/commons-codec-1.16.0.jar:/home/mustafa/.m2/repository/org/apache/shardingsphere/shardingsphere-mask-core/5.4.1/shardingsphere-mask-core-5.4.1.jar:/home/mustafa/.m2/repository/org/apache/shardingsphere/shardingsphere-mask-api/5.4.1/shardingsphere-mask-api-5.4.1.jar:/home/mustafa/.m2/repository/org/apache/shardingsphere/shardingsphere-shadow-core/5.4.1/shardingsphere-shadow-core-5.4.1.jar:/home/mustafa/.m2/repository/org/apache/shardingsphere/shardingsphere-shadow-api/5.4.1/shardingsphere-shadow-api-5.4.1.jar:/home/mustafa/.m2/repository/org/apache/shardingsphere/shardingsphere-sql-federation-core/5.4.1/shardingsphere-sql-federation-core-5.4.1.jar:/home/mustafa/.m2/repository/com/google/code/gson/gson/2.10.1/gson-2.10.1.jar:/home/mustafa/.m2/repository/org/apache/calcite/calcite-core/1.35.0/calcite-core-1.35.0.jar:/home/mustafa/.m2/repository/org/apache/calcite/calcite-linq4j/1.35.0/calcite-linq4j-1.35.0.jar:/home/mustafa/.m2/repository/org/locationtech/jts/jts-core/1.19.0/jts-core-1.19.0.jar:/home/mustafa/.m2/repository/org/locationtech/jts/io/jts-io-common/1.19.0/jts-io-common-1.19.0.jar:/home/mustafa/.m2/repository/com/googlecode/json-simple/json-simple/1.1.1/json-simple-1.1.1.jar:/home/mustafa/.m2/repository/org/locationtech/proj4j/proj4j/1.2.2/proj4j-1.2.2.jar:/home/mustafa/.m2/repository/org/apache/calcite/avatica/avatica-core/1.23.0/avatica-core-1.23.0.jar:/home/mustafa/.m2/repository/org/apache/calcite/avatica/avatica-metrics/1.23.0/avatica-metrics-1.23.0.jar:/home/mustafa/.m2/repository/org/apache/httpcomponents/client5/httpclient5/5.1.3/httpclient5-5.1.3.jar:/home/mustafa/.m2/repository/org/apache/httpcomponents/core5/httpcore5-h2/5.1.3/httpcore5-h2-5.1.3.jar:/home/mustafa/.m2/repository/org/apache/httpcomponents/core5/httpcore5/5.1.3/httpcore5-5.1.3.jar:/home/mustafa/.m2/repository/com/fasterxml/jackson/dataformat/jackson-dataformat-yaml/2.15.0/jackson-dataformat-yaml-2.15.0.jar:/home/mustafa/.m2/repository/com/google/uzaygezen/uzaygezen-core/0.2/uzaygezen-core-0.2.jar:/home/mustafa/.m2/repository/com/yahoo/datasketches/sketches-core/0.9.0/sketches-core-0.9.0.jar:/home/mustafa/.m2/repository/com/yahoo/datasketches/memory/0.9.0/memory-0.9.0.jar:/home/mustafa/.m2/repository/net/hydromatic/aggdesigner-algorithm/6.0/aggdesigner-algorithm-6.0.jar:/home/mustafa/.m2/repository/commons-lang/commons-lang/2.4/commons-lang-2.4.jar:/home/mustafa/.m2/repository/commons-logging/commons-logging/1.1.3/commons-logging-1.1.3.jar:/home/mustafa/.m2/repository/org/apache/commons/commons-dbcp2/2.6.0/commons-dbcp2-2.6.0.jar:/home/mustafa/.m2/repository/org/apache/commons/commons-pool2/2.6.1/commons-pool2-2.6.1.jar:/home/mustafa/.m2/repository/org/apache/commons/commons-math3/3.6.1/commons-math3-3.6.1.jar:/home/mustafa/.m2/repository/commons-io/commons-io/2.11.0/commons-io-2.11.0.jar:/home/mustafa/.m2/repository/org/codehaus/janino/commons-compiler/3.1.9/commons-compiler-3.1.9.jar:/home/mustafa/.m2/repository/org/codehaus/janino/janino/3.1.9/janino-3.1.9.jar:/home/mustafa/.m2/repository/com/jayway/jsonpath/json-path/2.8.0/json-path-2.8.0.jar:/home/mustafa/.m2/repository/net/minidev/json-smart/2.4.10/json-smart-2.4.10.jar:/home/mustafa/.m2/repository/net/minidev/accessors-smart/2.4.9/accessors-smart-2.4.9.jar:/home/mustafa/.m2/repository/org/ow2/asm/asm/9.3/asm-9.3.jar:/home/mustafa/.m2/repository/org/apache/shardingsphere/shardingsphere-sql-parser-core/5.4.1/shardingsphere-sql-parser-core-5.4.1.jar:/home/mustafa/.m2/repository/org/apache/shardingsphere/shardingsphere-sql-parser-api/5.4.1/shardingsphere-sql-parser-api-5.4.1.jar:/home/mustafa/.m2/repository/org/apache/groovy/groovy/4.0.10/groovy-4.0.10.jar:/home/mustafa/.m2/repository/org/apache/shardingsphere/shardingsphere-infra-parser/5.4.1/shardingsphere-infra-parser-5.4.1.jar:/home/mustafa/.m2/repository/org/apache/shardingsphere/shardingsphere-logging-core/5.4.1/shardingsphere-logging-core-5.4.1.jar:/home/mustafa/.m2/repository/org/apache/shardingsphere/shardingsphere-logging-api/5.4.1/shardingsphere-logging-api-5.4.1.jar:/home/mustafa/.m2/repository/com/h2database/h2/2.2.224/h2-2.2.224.jar:/home/mustafa/.m2/repository/com/google/guava/guava/32.1.2-jre/guava-32.1.2-jre.jar:/home/mustafa/.m2/repository/com/google/guava/failureaccess/1.0.1/failureaccess-1.0.1.jar:/home/mustafa/.m2/repository/com/google/code/findbugs/jsr305/3.0.2/jsr305-3.0.2.jar:/home/mustafa/.m2/repository/org/checkerframework/checker-qual/3.39.0/checker-qual-3.39.0.jar:/home/mustafa/.m2/repository/com/google/errorprone/error_prone_annotations/2.22.0/error_prone_annotations-2.22.0.jar:/home/mustafa/.m2/repository/org/apache/commons/commons-lang3/3.12.0/commons-lang3-3.12.0.jar:/home/mustafa/.m2/repository/org/apache/commons/commons-collections4/4.4/commons-collections4-4.4.jar:/home/mustafa/.m2/repository/org/slf4j/jcl-over-slf4j/1.7.36/jcl-over-slf4j-1.7.36.jar:/home/mustafa/.m2/repository/org/slf4j/jul-to-slf4j/1.7.36/jul-to-slf4j-1.7.36.jar:/home/mustafa/.m2/repository/com/fasterxml/jackson/core/jackson-databind/2.15.2/jackson-databind-2.15.2.jar:/home/mustafa/.m2/repository/com/fasterxml/jackson/core/jackson-annotations/2.15.2/jackson-annotations-2.15.2.jar:/home/mustafa/.m2/repository/com/fasterxml/jackson/core/jackson-core/2.15.2/jackson-core-2.15.2.jar:/home/mustafa/.m2/repository/com/fasterxml/jackson/datatype/jackson-datatype-jsr310/2.15.2/jackson-datatype-jsr310-2.15.2.jar:/home/mustafa/.m2/repository/com/mysql/mysql-connector-j/8.0.33/mysql-connector-j-8.0.33.jar:/home/mustafa/.m2/repository/com/google/protobuf/protobuf-java/3.21.9/protobuf-java-3.21.9.jar:/home/mustafa/.m2/repository/com/zaxxer/HikariCP/5.0.1/HikariCP-5.0.1.jar:/home/mustafa/.m2/repository/org/slf4j/slf4j-api/2.0.9/slf4j-api-2.0.9.jar:/home/mustafa/.m2/repository/ch/qos/logback/logback-classic/1.4.11/logback-classic-1.4.11.jar:/home/mustafa/.m2/repository/ch/qos/logback/logback-core/1.4.11/logback-core-1.4.11.jar:/home/mustafa/.m2/repository/org/junit/jupiter/junit-jupiter/5.10.0/junit-jupiter-5.10.0.jar:/home/mustafa/.m2/repository/org/junit/jupiter/junit-jupiter-api/5.10.0/junit-jupiter-api-5.10.0.jar:/home/mustafa/.m2/repository/org/opentest4j/opentest4j/1.3.0/opentest4j-1.3.0.jar:/home/mustafa/.m2/repository/org/junit/platform/junit-platform-commons/1.10.0/junit-platform-commons-1.10.0.jar:/home/mustafa/.m2/repository/org/junit/jupiter/junit-jupiter-params/5.10.0/junit-jupiter-params-5.10.0.jar:/home/mustafa/.m2/repository/org/junit/jupiter/junit-jupiter-engine/5.10.0/junit-jupiter-engine-5.10.0.jar:/home/mustafa/.m2/repository/org/junit/platform/junit-platform-engine/1.10.0/junit-platform-engine-1.10.0.jar:/home/mustafa/.m2/repository/org/apiguardian/apiguardian-api/1.1.2/apiguardian-api-1.1.2.jar:"/>
    <property name="java.vm.vendor" value="Eclipse Adoptium"/>
    <property name="sun.arch.data.model" value="64"/>
    <property name="java.vendor.url" value="https://adoptium.net/"/>
    <property name="user.timezone" value="Asia/Dhaka"/>
    <property name="os.name" value="Linux"/>
    <property name="java.vm.specification.version" value="21"/>
    <property name="sun.java.launcher" value="SUN_STANDARD"/>
    <property name="user.country" value="US"/>
    <property name="sun.boot.library.path" value="/home/mustafa/.sdkman/candidates/java/21-tem/lib"/>
    <property name="sun.java.command" value="/home/mustafa/telcobright-projects/infinite-scheduler/target/surefire/surefirebooter-20250807031151533_3.jar /home/mustafa/telcobright-projects/infinite-scheduler/target/surefire 2025-08-07T03-11-51_476-jvmRun1 surefire-20250807031151533_1tmp surefire_0-20250807031151533_2tmp"/>
    <property name="jdk.debug" value="release"/>
    <property name="test" value="TableCreationTest"/>
    <property name="surefire.test.class.path" value="/home/mustafa/telcobright-projects/infinite-scheduler/target/test-classes:/home/mustafa/telcobright-projects/infinite-scheduler/target/classes:/home/mustafa/.m2/repository/org/quartz-scheduler/quartz/2.3.2/quartz-2.3.2.jar:/home/mustafa/.m2/repository/com/mchange/c3p0/0.9.5.4/c3p0-0.9.5.4.jar:/home/mustafa/.m2/repository/com/mchange/mchange-commons-java/0.2.15/mchange-commons-java-0.2.15.jar:/home/mustafa/.m2/repository/com/zaxxer/HikariCP-java7/2.4.13/HikariCP-java7-2.4.13.jar:/home/mustafa/.m2/repository/com/telcobright/db/partitioned-repo/1.0.0/partitioned-repo-1.0.0.jar:/home/mustafa/.m2/repository/org/apache/shardingsphere/shardingsphere-jdbc-core/5.4.1/shardingsphere-jdbc-core-5.4.1.jar:/home/mustafa/.m2/repository/org/apache/shardingsphere/shardingsphere-transaction-core/5.4.1/shardingsphere-transaction-core-5.4.1.jar:/home/mustafa/.m2/repository/org/apache/shardingsphere/shardingsphere-transaction-api/5.4.1/shardingsphere-transaction-api-5.4.1.jar:/home/mustafa/.m2/repository/org/apache/shardingsphere/shardingsphere-infra-executor/5.4.1/shardingsphere-infra-executor-5.4.1.jar:/home/mustafa/.m2/repository/com/alibaba/transmittable-thread-local/2.14.2/transmittable-thread-local-2.14.2.jar:/home/mustafa/.m2/repository/org/apache/shardingsphere/shardingsphere-global-clock-core/5.4.1/shardingsphere-global-clock-core-5.4.1.jar:/home/mustafa/.m2/repository/org/apache/shardingsphere/shardingsphere-global-clock-api/5.4.1/shardingsphere-global-clock-api-5.4.1.jar:/home/mustafa/.m2/repository/org/apache/shardingsphere/shardingsphere-infra-common/5.4.1/shardingsphere-infra-common-5.4.1.jar:/home/mustafa/.m2/repository/org/apache/shardingsphere/shardingsphere-infra-util/5.4.1/shardingsphere-infra-util-5.4.1.jar:/home/mustafa/.m2/repository/org/apache/shardingsphere/shardingsphere-infra-spi/5.4.1/shardingsphere-infra-spi-5.4.1.jar:/home/mustafa/.m2/repository/org/yaml/snakeyaml/1.33/snakeyaml-1.33.jar:/home/mustafa/.m2/repository/org/apache/shardingsphere/shardingsphere-infra-database-mariadb/5.4.1/shardingsphere-infra-database-mariadb-5.4.1.jar:/home/mustafa/.m2/repository/org/apache/shardingsphere/shardingsphere-infra-database-h2/5.4.1/shardingsphere-infra-database-h2-5.4.1.jar:/home/mustafa/.m2/repository/org/apache/shardingsphere/shardingsphere-infra-data-source-pool-hikari/5.4.1/shardingsphere-infra-data-source-pool-hikari-5.4.1.jar:/home/mustafa/.m2/repository/org/apache/shardingsphere/shardingsphere-infra-data-source-pool-core/5.4.1/shardingsphere-infra-data-source-pool-core-5.4.1.jar:/home/mustafa/.m2/repository/org/apache/shardingsphere/shardingsphere-mode-core/5.4.1/shardingsphere-mode-core-5.4.1.jar:/home/mustafa/.m2/repository/org/apache/shardingsphere/shardingsphere-global-clock-tso-core/5.4.1/shardingsphere-global-clock-tso-core-5.4.1.jar:/home/mustafa/.m2/repository/org/apache/shardingsphere/shardingsphere-global-clock-tso-spi/5.4.1/shardingsphere-global-clock-tso-spi-5.4.1.jar:/home/mustafa/.m2/repository/org/apache/shardingsphere/shardingsphere-parser-sql-sql92/5.4.1/shardingsphere-parser-sql-sql92-5.4.1.jar:/home/mustafa/.m2/repository/org/apache/shardingsphere/shardingsphere-infra-database-sql92/5.4.1/shardingsphere-infra-database-sql92-5.4.1.jar:/home/mustafa/.m2/repository/org/apache/shardingsphere/shardingsphere-infra-database-core/5.4.1/shardingsphere-infra-database-core-5.4.1.jar:/home/mustafa/.m2/repository/org/apache/shardingsphere/shardingsphere-infra-exception-core/5.4.1/shardingsphere-infra-exception-core-5.4.1.jar:/home/mustafa/.m2/repository/org/apache/shardingsphere/shardingsphere-parser-sql-engine/5.4.1/shardingsphere-parser-sql-engine-5.4.1.jar:/home/mustafa/.m2/repository/org/apache/shardingsphere/shardingsphere-parser-sql-spi/5.4.1/shardingsphere-parser-sql-spi-5.4.1.jar:/home/mustafa/.m2/repository/org/apache/shardingsphere/shardingsphere-parser-sql-statement/5.4.1/shardingsphere-parser-sql-statement-5.4.1.jar:/home/mustafa/.m2/repository/org/antlr/antlr4-runtime/4.10.1/antlr4-runtime-4.10.1.jar:/home/mustafa/.m2/repository/com/github/ben-manes/caffeine/caffeine/2.9.3/caffeine-2.9.3.jar:/home/mustafa/.m2/repository/org/apache/shardingsphere/shardingsphere-parser-sql-mysql/5.4.1/shardingsphere-parser-sql-mysql-5.4.1.jar:/home/mustafa/.m2/repository/org/apache/shardingsphere/shardingsphere-infra-database-mysql/5.4.1/shardingsphere-infra-database-mysql-5.4.1.jar:/home/mustafa/.m2/repository/org/apache/shardingsphere/shardingsphere-parser-sql-postgresql/5.4.1/shardingsphere-parser-sql-postgresql-5.4.1.jar:/home/mustafa/.m2/repository/org/apache/shardingsphere/shardingsphere-infra-database-postgresql/5.4.1/shardingsphere-infra-database-postgresql-5.4.1.jar:/home/mustafa/.m2/repository/org/apache/shardingsphere/shardingsphere-parser-sql-oracle/5.4.1/shardingsphere-parser-sql-oracle-5.4.1.jar:/home/mustafa/.m2/repository/org/apache/shardingsphere/shardingsphere-infra-database-oracle/5.4.1/shardingsphere-infra-database-oracle-5.4.1.jar:/home/mustafa/.m2/repository/org/apache/shardingsphere/shardingsphere-parser-sql-sqlserver/5.4.1/shardingsphere-parser-sql-sqlserver-5.4.1.jar:/home/mustafa/.m2/repository/org/apache/shardingsphere/shardingsphere-infra-database-sqlserver/5.4.1/shardingsphere-infra-database-sqlserver-5.4.1.jar:/home/mustafa/.m2/repository/org/apache/shardingsphere/shardingsphere-parser-sql-opengauss/5.4.1/shardingsphere-parser-sql-opengauss-5.4.1.jar:/home/mustafa/.m2/repository/org/apache/shardingsphere/shardingsphere-infra-database-opengauss/5.4.1/shardingsphere-infra-database-opengauss-5.4.1.jar:/home/mustafa/.m2/repository/org/apache/shardingsphere/shardingsphere-mysql-dialect-exception/5.4.1/shardingsphere-mysql-dialect-exception-5.4.1.jar:/home/mustafa/.m2/repository/org/apache/shardingsphere/shardingsphere-infra-exception-dialect-core/5.4.1/shardingsphere-infra-exception-dialect-core-5.4.1.jar:/home/mustafa/.m2/repository/org/apache/shardingsphere/shardingsphere-postgresql-dialect-exception/5.4.1/shardingsphere-postgresql-dialect-exception-5.4.1.jar:/home/mustafa/.m2/repository/org/apache/shardingsphere/shardingsphere-authority-core/5.4.1/shardingsphere-authority-core-5.4.1.jar:/home/mustafa/.m2/repository/org/apache/shardingsphere/shardingsphere-authority-api/5.4.1/shardingsphere-authority-api-5.4.1.jar:/home/mustafa/.m2/repository/org/apache/shardingsphere/shardingsphere-mode-api/5.4.1/shardingsphere-mode-api-5.4.1.jar:/home/mustafa/.m2/repository/org/apache/shardingsphere/shardingsphere-single-core/5.4.1/shardingsphere-single-core-5.4.1.jar:/home/mustafa/.m2/repository/org/apache/shardingsphere/shardingsphere-single-api/5.4.1/shardingsphere-single-api-5.4.1.jar:/home/mustafa/.m2/repository/org/apache/shardingsphere/shardingsphere-sql-federation-api/5.4.1/shardingsphere-sql-federation-api-5.4.1.jar:/home/mustafa/.m2/repository/org/apache/shardingsphere/shardingsphere-infra-route/5.4.1/shardingsphere-infra-route-5.4.1.jar:/home/mustafa/.m2/repository/org/apache/shardingsphere/shardingsphere-traffic-core/5.4.1/shardingsphere-traffic-core-5.4.1.jar:/home/mustafa/.m2/repository/org/apache/shardingsphere/shardingsphere-infra-binder/5.4.1/shardingsphere-infra-binder-5.4.1.jar:/home/mustafa/.m2/repository/org/apache/shardingsphere/shardingsphere-traffic-api/5.4.1/shardingsphere-traffic-api-5.4.1.jar:/home/mustafa/.m2/repository/org/apache/shardingsphere/shardingsphere-infra-context/5.4.1/shardingsphere-infra-context-5.4.1.jar:/home/mustafa/.m2/repository/org/apache/shardingsphere/shardingsphere-infra-session/5.4.1/shardingsphere-infra-session-5.4.1.jar:/home/mustafa/.m2/repository/org/apache/shardingsphere/shardingsphere-parser-distsql-engine/5.4.1/shardingsphere-parser-distsql-engine-5.4.1.jar:/home/mustafa/.m2/repository/org/apache/shardingsphere/shardingsphere-parser-distsql-statement/5.4.1/shardingsphere-parser-distsql-statement-5.4.1.jar:/home/mustafa/.m2/repository/org/apache/shardingsphere/shardingsphere-sql-translator-core/5.4.1/shardingsphere-sql-translator-core-5.4.1.jar:/home/mustafa/.m2/repository/org/apache/shardingsphere/shardingsphere-sql-translator-api/5.4.1/shardingsphere-sql-translator-api-5.4.1.jar:/home/mustafa/.m2/repository/org/apache/shardingsphere/shardingsphere-standalone-mode-core/5.4.1/shardingsphere-standalone-mode-core-5.4.1.jar:/home/mustafa/.m2/repository/org/apache/shardingsphere/shardingsphere-standalone-mode-repository-api/5.4.1/shardingsphere-standalone-mode-repository-api-5.4.1.jar:/home/mustafa/.m2/repository/org/apache/shardingsphere/shardingsphere-standalone-mode-repository-jdbc/5.4.1/shardingsphere-standalone-mode-repository-jdbc-5.4.1.jar:/home/mustafa/.m2/repository/javax/xml/bind/jaxb-api/2.3.0/jaxb-api-2.3.0.jar:/home/mustafa/.m2/repository/com/sun/xml/bind/jaxb-core/2.3.0/jaxb-core-2.3.0.jar:/home/mustafa/.m2/repository/com/sun/xml/bind/jaxb-impl/2.3.0/jaxb-impl-2.3.0.jar:/home/mustafa/.m2/repository/javax/activation/javax.activation-api/1.2.0/javax.activation-api-1.2.0.jar:/home/mustafa/.m2/repository/org/apache/shardingsphere/shardingsphere-cluster-mode-core/5.4.1/shardingsphere-cluster-mode-core-5.4.1.jar:/home/mustafa/.m2/repository/org/apache/shardingsphere/shardingsphere-cluster-mode-repository-api/5.4.1/shardingsphere-cluster-mode-repository-api-5.4.1.jar:/home/mustafa/.m2/repository/org/apache/shardingsphere/shardingsphere-metadata-core/5.4.1/shardingsphere-metadata-core-5.4.1.jar:/home/mustafa/.m2/repository/org/apache/shardingsphere/shardingsphere-sharding-core/5.4.1/shardingsphere-sharding-core-5.4.1.jar:/home/mustafa/.m2/repository/org/apache/shardingsphere/shardingsphere-sharding-api/5.4.1/shardingsphere-sharding-api-5.4.1.jar:/home/mustafa/.m2/repository/org/apache/shardingsphere/shardingsphere-data-pipeline-api/5.4.1/shardingsphere-data-pipeline-api-5.4.1.jar:/home/mustafa/.m2/repository/org/apache/shardingsphere/shardingsphere-infra-rewrite/5.4.1/shardingsphere-infra-rewrite-5.4.1.jar:/home/mustafa/.m2/repository/org/apache/shardingsphere/shardingsphere-sql-translator-native-provider/5.4.1/shardingsphere-sql-translator-native-provider-5.4.1.jar:/home/mustafa/.m2/repository/org/apache/shardingsphere/shardingsphere-infra-merge/5.4.1/shardingsphere-infra-merge-5.4.1.jar:/home/mustafa/.m2/repository/org/apache/shardingsphere/shardingsphere-time-service-core/5.4.1/shardingsphere-time-service-core-5.4.1.jar:/home/mustafa/.m2/repository/org/apache/shardingsphere/shardingsphere-time-service-api/5.4.1/shardingsphere-time-service-api-5.4.1.jar:/home/mustafa/.m2/repository/org/apache/shardingsphere/shardingsphere-system-time-service/5.4.1/shardingsphere-system-time-service-5.4.1.jar:/home/mustafa/.m2/repository/org/apache/shardingsphere/shardingsphere-infra-expr-core/5.4.1/shardingsphere-infra-expr-core-5.4.1.jar:/home/mustafa/.m2/repository/org/apache/shardingsphere/shardingsphere-infra-expr-spi/5.4.1/shardingsphere-infra-expr-spi-5.4.1.jar:/home/mustafa/.m2/repository/org/apache/shardingsphere/shardingsphere-infra-expr-groovy/5.4.1/shardingsphere-infra-expr-groovy-5.4.1.jar:/home/mustafa/.m2/repository/org/apache/shardingsphere/shardingsphere-infra-expr-literal/5.4.1/shardingsphere-infra-expr-literal-5.4.1.jar:/home/mustafa/.m2/repository/org/apache/shardingsphere/shardingsphere-broadcast-core/5.4.1/shardingsphere-broadcast-core-5.4.1.jar:/home/mustafa/.m2/repository/org/apache/shardingsphere/shardingsphere-broadcast-api/5.4.1/shardingsphere-broadcast-api-5.4.1.jar:/home/mustafa/.m2/repository/org/apache/shardingsphere/shardingsphere-readwrite-splitting-core/5.4.1/shardingsphere-readwrite-splitting-core-5.4.1.jar:/home/mustafa/.m2/repository/org/apache/shardingsphere/shardingsphere-readwrite-splitting-api/5.4.1/shardingsphere-readwrite-splitting-api-5.4.1.jar:/home/mustafa/.m2/repository/org/apache/shardingsphere/shardingsphere-encrypt-core/5.4.1/shardingsphere-encrypt-core-5.4.1.jar:/home/mustafa/.m2/repository/org/apache/shardingsphere/shardingsphere-encrypt-api/5.4.1/shardingsphere-encrypt-api-5.4.1.jar:/home/mustafa/.m2/repository/commons-codec/commons-codec/1.16.0/commons-codec-1.16.0.jar:/home/mustafa/.m2/repository/org/apache/shardingsphere/shardingsphere-mask-core/5.4.1/shardingsphere-mask-core-5.4.1.jar:/home/mustafa/.m2/repository/org/apache/shardingsphere/shardingsphere-mask-api/5.4.1/shardingsphere-mask-api-5.4.1.jar:/home/mustafa/.m2/repository/org/apache/shardingsphere/shardingsphere-shadow-core/5.4.1/shardingsphere-shadow-core-5.4.1.jar:/home/mustafa/.m2/repository/org/apache/shardingsphere/shardingsphere-shadow-api/5.4.1/shardingsphere-shadow-api-5.4.1.jar:/home/mustafa/.m2/repository/org/apache/shardingsphere/shardingsphere-sql-federation-core/5.4.1/shardingsphere-sql-federation-core-5.4.1.jar:/home/mustafa/.m2/repository/com/google/code/gson/gson/2.10.1/gson-2.10.1.jar:/home/mustafa/.m2/repository/org/apache/calcite/calcite-core/1.35.0/calcite-core-1.35.0.jar:/home/mustafa/.m2/repository/org/apache/calcite/calcite-linq4j/1.35.0/calcite-linq4j-1.35.0.jar:/home/mustafa/.m2/repository/org/locationtech/jts/jts-core/1.19.0/jts-core-1.19.0.jar:/home/mustafa/.m2/repository/org/locationtech/jts/io/jts-io-common/1.19.0/jts-io-common-1.19.0.jar:/home/mustafa/.m2/repository/com/googlecode/json-simple/json-simple/1.1.1/json-simple-1.1.1.jar:/home/mustafa/.m2/repository/org/locationtech/proj4j/proj4j/1.2.2/proj4j-1.2.2.jar:/home/mustafa/.m2/repository/org/apache/calcite/avatica/avatica-core/1.23.0/avatica-core-1.23.0.jar:/home/mustafa/.m2/repository/org/apache/calcite/avatica/avatica-metrics/1.23.0/avatica-metrics-1.23.0.jar:/home/mustafa/.m2/repository/org/apache/httpcomponents/client5/httpclient5/5.1.3/httpclient5-5.1.3.jar:/home/mustafa/.m2/repository/org/apache/httpcomponents/core5/httpcore5-h2/5.1.3/httpcore5-h2-5.1.3.jar:/home/mustafa/.m2/repository/org/apache/httpcomponents/core5/httpcore5/5.1.3/httpcore5-5.1.3.jar:/home/mustafa/.m2/repository/com/fasterxml/jackson/dataformat/jackson-dataformat-yaml/2.15.0/jackson-dataformat-yaml-2.15.0.jar:/home/mustafa/.m2/repository/com/google/uzaygezen/uzaygezen-core/0.2/uzaygezen-core-0.2.jar:/home/mustafa/.m2/repository/com/yahoo/datasketches/sketches-core/0.9.0/sketches-core-0.9.0.jar:/home/mustafa/.m2/repository/com/yahoo/datasketches/memory/0.9.0/memory-0.9.0.jar:/home/mustafa/.m2/repository/net/hydromatic/aggdesigner-algorithm/6.0/aggdesigner-algorithm-6.0.jar:/home/mustafa/.m2/repository/commons-lang/commons-lang/2.4/commons-lang-2.4.jar:/home/mustafa/.m2/repository/commons-logging/commons-logging/1.1.3/commons-logging-1.1.3.jar:/home/mustafa/.m2/repository/org/apache/commons/commons-dbcp2/2.6.0/commons-dbcp2-2.6.0.jar:/home/mustafa/.m2/repository/org/apache/commons/commons-pool2/2.6.1/commons-pool2-2.6.1.jar:/home/mustafa/.m2/repository/org/apache/commons/commons-math3/3.6.1/commons-math3-3.6.1.jar:/home/mustafa/.m2/repository/commons-io/commons-io/2.11.0/commons-io-2.11.0.jar:/home/mustafa/.m2/repository/org/codehaus/janino/commons-compiler/3.1.9/commons-compiler-3.1.9.jar:/home/mustafa/.m2/repository/org/codehaus/janino/janino/3.1.9/janino-3.1.9.jar:/home/mustafa/.m2/repository/com/jayway/jsonpath/json-path/2.8.0/json-path-2.8.0.jar:/home/mustafa/.m2/repository/net/minidev/json-smart/2.4.10/json-smart-2.4.10.jar:/home/mustafa/.m2/repository/net/minidev/accessors-smart/2.4.9/accessors-smart-2.4.9.jar:/home/mustafa/.m2/repository/org/ow2/asm/asm/9.3/asm-9.3.jar:/home/mustafa/.m2/repository/org/apache/shardingsphere/shardingsphere-sql-parser-core/5.4.1/shardingsphere-sql-parser-core-5.4.1.jar:/home/mustafa/.m2/repository/org/apache/shardingsphere/shardingsphere-sql-parser-api/5.4.1/shardingsphere-sql-parser-api-5.4.1.jar:/home/mustafa/.m2/repository/org/apache/groovy/groovy/4.0.10/groovy-4.0.10.jar:/home/mustafa/.m2/repository/org/apache/shardingsphere/shardingsphere-infra-parser/5.4.1/shardingsphere-infra-parser-5.4.1.jar:/home/mustafa/.m2/repository/org/apache/shardingsphere/shardingsphere-logging-core/5.4.1/shardingsphere-logging-core-5.4.1.jar:/home/mustafa/.m2/repository/org/apache/shardingsphere/shardingsphere-logging-api/5.4.1/shardingsphere-logging-api-5.4.1.jar:/home/mustafa/.m2/repository/com/h2database/h2/2.2.224/h2-2.2.224.jar:/home/mustafa/.m2/repository/com/google/guava/guava/32.1.2-jre/guava-32.1.2-jre.jar:/home/mustafa/.m2/repository/com/google/guava/failureaccess/1.0.1/failureaccess-1.0.1.jar:/home/mustafa/.m2/repository/com/google/code/findbugs/jsr305/3.0.2/jsr305-3.0.2.jar:/home/mustafa/.m2/repository/org/checkerframework/checker-qual/3.39.0/checker-qual-3.39.0.jar:/home/mustafa/.m2/repository/com/google/errorprone/error_prone_annotations/2.22.0/error_prone_annotations-2.22.0.jar:/home/mustafa/.m2/repository/org/apache/commons/commons-lang3/3.12.0/commons-lang3-3.12.0.jar:/home/mustafa/.m2/repository/org/apache/commons/commons-collections4/4.4/commons-collections4-4.4.jar:/home/mustafa/.m2/repository/org/slf4j/jcl-over-slf4j/1.7.36/jcl-over-slf4j-1.7.36.jar:/home/mustafa/.m2/repository/org/slf4j/jul-to-slf4j/1.7.36/jul-to-slf4j-1.7.36.jar:/home/mustafa/.m2/repository/com/fasterxml/jackson/core/jackson-databind/2.15.2/jackson-databind-2.15.2.jar:/home/mustafa/.m2/repository/com/fasterxml/jackson/core/jackson-annotations/2.15.2/jackson-annotations-2.15.2.jar:/home/mustafa/.m2/repository/com/fasterxml/jackson/core/jackson-core/2.15.2/jackson-core-2.15.2.jar:/home/mustafa/.m2/repository/com/fasterxml/jackson/datatype/jackson-datatype-jsr310/2.15.2/jackson-datatype-jsr310-2.15.2.jar:/home/mustafa/.m2/repository/com/mysql/mysql-connector-j/8.0.33/mysql-connector-j-8.0.33.jar:/home/mustafa/.m2/repository/com/google/protobuf/protobuf-java/3.21.9/protobuf-java-3.21.9.jar:/home/mustafa/.m2/repository/com/zaxxer/HikariCP/5.0.1/HikariCP-5.0.1.jar:/home/mustafa/.m2/repository/org/slf4j/slf4j-api/2.0.9/slf4j-api-2.0.9.jar:/home/mustafa/.m2/repository/ch/qos/logback/logback-classic/1.4.11/logback-classic-1.4.11.jar:/home/mustafa/.m2/repository/ch/qos/logback/logback-core/1.4.11/logback-core-1.4.11.jar:/home/mustafa/.m2/repository/org/junit/jupiter/junit-jupiter/5.10.0/junit-jupiter-5.10.0.jar:/home/mustafa/.m2/repository/org/junit/jupiter/junit-jupiter-api/5.10.0/junit-jupiter-api-5.10.0.jar:/home/mustafa/.m2/repository/org/opentest4j/opentest4j/1.3.0/opentest4j-1.3.0.jar:/home/mustafa/.m2/repository/org/junit/platform/junit-platform-commons/1.10.0/junit-platform-commons-1.10.0.jar:/home/mustafa/.m2/repository/org/junit/jupiter/junit-jupiter-params/5.10.0/junit-jupiter-params-5.10.0.jar:/home/mustafa/.m2/repository/org/junit/jupiter/junit-jupiter-engine/5.10.0/junit-jupiter-engine-5.10.0.jar:/home/mustafa/.m2/repository/org/junit/platform/junit-platform-engine/1.10.0/junit-platform-engine-1.10.0.jar:/home/mustafa/.m2/repository/org/apiguardian/apiguardian-api/1.1.2/apiguardian-api-1.1.2.jar:"/>
    <property name="sun.cpu.endian" value="little"/>
    <property name="user.home" value="/home/mustafa"/>
    <property name="user.language" value="en"/>
    <property name="java.specification.vendor" value="Oracle Corporation"/>
    <property name="java.version.date" value="2023-09-19"/>
    <property name="java.home" value="/home/mustafa/.sdkman/candidates/java/21-tem"/>
    <property name="file.separator" value="/"/>
    <property name="basedir" value="/home/mustafa/telcobright-projects/infinite-scheduler"/>
    <property name="java.vm.compressedOopsMode" value="Zero based"/>
    <property name="line.separator" value="&#10;"/>
    <property name="java.vm.specification.vendor" value="Oracle Corporation"/>
    <property name="java.specification.name" value="Java Platform API Specification"/>
    <property name="surefire.real.class.path" value="/home/mustafa/telcobright-projects/infinite-scheduler/target/surefire/surefirebooter-20250807031151533_3.jar"/>
    <property name="sun.management.compiler" value="HotSpot 64-Bit Tiered Compilers"/>
    <property name="java.runtime.version" value="21+35-LTS"/>
    <property name="user.name" value="mustafa"/>
    <property name="stdout.encoding" value="UTF-8"/>
    <property name="path.separator" value=":"/>
    <property name="os.version" value="6.14.0-27-generic"/>
    <property name="java.runtime.name" value="OpenJDK Runtime Environment"/>
    <property name="file.encoding" value="UTF-8"/>
    <property name="java.vm.name" value="OpenJDK 64-Bit Server VM"/>
    <property name="java.vendor.version" value="Temurin-21+35"/>
    <property name="localRepository" value="/home/mustafa/.m2/repository"/>
    <property name="java.vendor.url.bug" value="https://github.com/adoptium/adoptium-support/issues"/>
    <property name="java.io.tmpdir" value="/tmp"/>
    <property name="java.version" value="21"/>
    <property name="user.dir" value="/home/mustafa/telcobright-projects/infinite-scheduler"/>
    <property name="os.arch" value="amd64"/>
    <property name="java.vm.specification.name" value="Java Virtual Machine Specification"/>
    <property name="native.encoding" value="UTF-8"/>
    <property name="java.library.path" value="/usr/java/packages/lib:/usr/lib64:/lib64:/lib:/usr/lib"/>
    <property name="java.vm.info" value="mixed mode, sharing"/>
    <property name="stderr.encoding" value="UTF-8"/>
    <property name="java.vendor" value="Eclipse Adoptium"/>
    <property name="java.vm.version" value="21+35-LTS"/>
    <property name="sun.io.unicode.encoding" value="UnicodeLittle"/>
    <property name="java.class.version" value="65.0"/>
  </properties>
  <testcase name="testTableCreationWithScheduledTimePartitioning" classname="com.telcobright.scheduler.TableCreationTest" time="2.916">
    <system-out><![CDATA[03:11:52,033 |-INFO in ch.qos.logback.classic.LoggerContext[default] - This is logback-classic version 1.4.11
03:11:52,035 |-INFO in ch.qos.logback.classic.util.ContextInitializer@4ef782af - No custom configurators were discovered as a service.
03:11:52,035 |-INFO in ch.qos.logback.classic.util.ContextInitializer@4ef782af - Trying to configure with ch.qos.logback.classic.joran.SerializedModelConfigurator
03:11:52,035 |-INFO in ch.qos.logback.classic.util.ContextInitializer@4ef782af - Constructed configurator of type class ch.qos.logback.classic.joran.SerializedModelConfigurator
03:11:52,051 |-INFO in ch.qos.logback.classic.LoggerContext[default] - Could NOT find resource [logback-test.scmo]
03:11:52,052 |-INFO in ch.qos.logback.classic.LoggerContext[default] - Could NOT find resource [logback.scmo]
03:11:52,056 |-INFO in ch.qos.logback.classic.util.ContextInitializer@4ef782af - ch.qos.logback.classic.joran.SerializedModelConfigurator.configure() call lasted 17 milliseconds. ExecutionStatus=INVOKE_NEXT_IF_ANY
03:11:52,056 |-INFO in ch.qos.logback.classic.util.ContextInitializer@4ef782af - Trying to configure with ch.qos.logback.classic.util.DefaultJoranConfigurator
03:11:52,057 |-INFO in ch.qos.logback.classic.util.ContextInitializer@4ef782af - Constructed configurator of type class ch.qos.logback.classic.util.DefaultJoranConfigurator
03:11:52,057 |-INFO in ch.qos.logback.classic.LoggerContext[default] - Could NOT find resource [logback-test.xml]
03:11:52,059 |-INFO in ch.qos.logback.classic.LoggerContext[default] - Found resource [logback.xml] at [file:/home/mustafa/telcobright-projects/infinite-scheduler/target/classes/logback.xml]
03:11:52,123 |-INFO in ch.qos.logback.core.model.processor.AppenderModelHandler - Processing appender named [CONSOLE]
03:11:52,123 |-INFO in ch.qos.logback.core.model.processor.AppenderModelHandler - About to instantiate appender of type [ch.qos.logback.core.ConsoleAppender]
03:11:52,126 |-INFO in ch.qos.logback.core.model.processor.ImplicitModelHandler - Assuming default type [ch.qos.logback.classic.encoder.PatternLayoutEncoder] for [encoder] property
03:11:52,151 |-INFO in ch.qos.logback.core.model.processor.AppenderModelHandler - Processing appender named [FILE]
03:11:52,151 |-INFO in ch.qos.logback.core.model.processor.AppenderModelHandler - About to instantiate appender of type [ch.qos.logback.core.rolling.RollingFileAppender]
03:11:52,166 |-INFO in c.q.l.core.rolling.TimeBasedRollingPolicy@299413131 - setting totalSizeCap to 3 GB
03:11:52,167 |-INFO in c.q.l.core.rolling.TimeBasedRollingPolicy@299413131 - No compression will be used
03:11:52,168 |-INFO in c.q.l.core.rolling.TimeBasedRollingPolicy@299413131 - Will use the pattern logs/infinite-scheduler.%d{yyyy-MM-dd}.%i.log for the active file
03:11:52,188 |-INFO in ch.qos.logback.core.rolling.SizeAndTimeBasedFNATP@479cbee5 - The date pattern is 'yyyy-MM-dd' from file name pattern 'logs/infinite-scheduler.%d{yyyy-MM-dd}.%i.log'.
03:11:52,188 |-INFO in ch.qos.logback.core.rolling.SizeAndTimeBasedFNATP@479cbee5 - Roll-over at midnight.
03:11:52,190 |-INFO in ch.qos.logback.core.rolling.SizeAndTimeBasedFNATP@479cbee5 - Setting initial period to 2025-08-06T21:09:40.499Z
03:11:52,190 |-WARN in ch.qos.logback.core.rolling.SizeAndTimeBasedFNATP@479cbee5 - SizeAndTimeBasedFNATP is deprecated. Use SizeAndTimeBasedRollingPolicy instead
03:11:52,190 |-WARN in ch.qos.logback.core.rolling.SizeAndTimeBasedFNATP@479cbee5 - For more information see http://logback.qos.ch/manual/appenders.html#SizeAndTimeBasedRollingPolicy
03:11:52,191 |-INFO in ch.qos.logback.core.model.processor.ImplicitModelHandler - Assuming default type [ch.qos.logback.classic.encoder.PatternLayoutEncoder] for [encoder] property
03:11:52,194 |-INFO in ch.qos.logback.core.rolling.RollingFileAppender[FILE] - Active log file name: logs/infinite-scheduler.log
03:11:52,194 |-INFO in ch.qos.logback.core.rolling.RollingFileAppender[FILE] - File property is set to [logs/infinite-scheduler.log]
03:11:52,195 |-INFO in ch.qos.logback.classic.model.processor.LoggerModelHandler - Setting level of logger [com.telcobright.scheduler] to INFO
03:11:52,197 |-INFO in ch.qos.logback.classic.model.processor.LoggerModelHandler - Setting additivity of logger [com.telcobright.scheduler] to false
03:11:52,197 |-INFO in ch.qos.logback.core.model.processor.AppenderRefModelHandler - Attaching appender named [CONSOLE] to Logger[com.telcobright.scheduler]
03:11:52,197 |-INFO in ch.qos.logback.core.model.processor.AppenderRefModelHandler - Attaching appender named [FILE] to Logger[com.telcobright.scheduler]
03:11:52,198 |-INFO in ch.qos.logback.classic.model.processor.LoggerModelHandler - Setting level of logger [org.quartz] to WARN
03:11:52,198 |-INFO in ch.qos.logback.classic.model.processor.LoggerModelHandler - Setting additivity of logger [org.quartz] to false
03:11:52,198 |-INFO in ch.qos.logback.core.model.processor.AppenderRefModelHandler - Attaching appender named [CONSOLE] to Logger[org.quartz]
03:11:52,198 |-INFO in ch.qos.logback.core.model.processor.AppenderRefModelHandler - Attaching appender named [FILE] to Logger[org.quartz]
03:11:52,198 |-INFO in ch.qos.logback.classic.model.processor.LoggerModelHandler - Setting level of logger [com.zaxxer.hikari] to WARN
03:11:52,198 |-INFO in ch.qos.logback.classic.model.processor.LoggerModelHandler - Setting additivity of logger [com.zaxxer.hikari] to false
03:11:52,198 |-INFO in ch.qos.logback.core.model.processor.AppenderRefModelHandler - Attaching appender named [CONSOLE] to Logger[com.zaxxer.hikari]
03:11:52,198 |-INFO in ch.qos.logback.core.model.processor.AppenderRefModelHandler - Attaching appender named [FILE] to Logger[com.zaxxer.hikari]
03:11:52,198 |-INFO in ch.qos.logback.classic.model.processor.LoggerModelHandler - Setting level of logger [com.mysql.cj] to WARN
03:11:52,198 |-INFO in ch.qos.logback.classic.model.processor.LoggerModelHandler - Setting additivity of logger [com.mysql.cj] to false
03:11:52,198 |-INFO in ch.qos.logback.core.model.processor.AppenderRefModelHandler - Attaching appender named [CONSOLE] to Logger[com.mysql.cj]
03:11:52,198 |-INFO in ch.qos.logback.core.model.processor.AppenderRefModelHandler - Attaching appender named [FILE] to Logger[com.mysql.cj]
03:11:52,198 |-INFO in ch.qos.logback.classic.model.processor.RootLoggerModelHandler - Setting level of ROOT logger to INFO
03:11:52,198 |-INFO in ch.qos.logback.core.model.processor.AppenderRefModelHandler - Attaching appender named [CONSOLE] to Logger[ROOT]
03:11:52,198 |-INFO in ch.qos.logback.core.model.processor.AppenderRefModelHandler - Attaching appender named [FILE] to Logger[ROOT]
03:11:52,198 |-INFO in ch.qos.logback.core.model.processor.DefaultProcessor@59e2d8e3 - End of configuration.
03:11:52,198 |-INFO in ch.qos.logback.classic.joran.JoranConfigurator@2b72cb8a - Registering current configuration as safe fallback point
03:11:52,198 |-INFO in ch.qos.logback.classic.util.ContextInitializer@4ef782af - ch.qos.logback.classic.util.DefaultJoranConfigurator.configure() call lasted 141 milliseconds. ExecutionStatus=DO_NOT_INVOKE_NEXT_IF_ANY

2025-08-07 03:11:52.204 [main] INFO  c.t.scheduler.InfiniteScheduler - Creating internal repository with database: scheduler, tablePrefix: sms_test
2025-08-07 03:11:52.205 [main] INFO  c.t.scheduler.InfiniteScheduler - Repository configured with MySQL: 127.0.0.1:3306/scheduler (user: root)
2025-08-07 03:11:54.574 [main] INFO  c.t.scheduler.InfiniteScheduler - Initializing Quartz tables...
2025-08-07 03:11:54.586 [main] INFO  c.t.scheduler.QuartzTableManager - Checking Quartz tables...
2025-08-07 03:11:54.602 [main] INFO  c.t.scheduler.QuartzTableManager - All Quartz tables exist
2025-08-07 03:11:54.602 [main] INFO  c.t.scheduler.InfiniteScheduler - Quartz tables initialization completed
2025-08-07 03:11:54.641 [MLog-Init-Reporter] INFO  com.mchange.v2.log.MLog - MLog clients using slf4j logging.
2025-08-07 03:11:54.743 [main] INFO  com.mchange.v2.c3p0.C3P0Registry - Initializing c3p0-0.9.5.4 [built 23-March-2019 23:00:48 -0700; debug? true; trace: 10]
2025-08-07 03:11:54.794 [main] INFO  c.t.scheduler.JobHistoryTracker - Job history table ensured to exist
2025-08-07 03:11:54.795 [main] INFO  c.t.scheduler.InfiniteScheduler - Job listener added for monitoring
2025-08-07 03:11:54.795 [main] INFO  c.t.scheduler.InfiniteScheduler - InfiniteScheduler initialized with fetch interval: 25s, lookahead: 30s, cleanup: 60min

=== TESTING TABLE CREATION WITH SCHEDULED_TIME PARTITIONING ===
Current time: 2025-08-07T03:11:54.795967667
Inserting SMS entity with scheduled_time: 2025-08-07T03:12:54.795967667
✅ Successfully inserted entity - table should be created
Attempting to query entities back...
]]></system-out>
    <system-err><![CDATA[Aug 07, 2025 3:11:52 AM com.telcobright.db.repository.GenericMultiTableRepository createTableIfNotExists
INFO: Ensured table exists: scheduler.sms_test_20250708
Aug 07, 2025 3:11:52 AM com.telcobright.db.repository.GenericMultiTableRepository createTableIfNotExists
INFO: Ensured table exists: scheduler.sms_test_20250709
Aug 07, 2025 3:11:52 AM com.telcobright.db.repository.GenericMultiTableRepository createTableIfNotExists
INFO: Ensured table exists: scheduler.sms_test_20250710
Aug 07, 2025 3:11:52 AM com.telcobright.db.repository.GenericMultiTableRepository createTableIfNotExists
INFO: Ensured table exists: scheduler.sms_test_20250711
Aug 07, 2025 3:11:52 AM com.telcobright.db.repository.GenericMultiTableRepository createTableIfNotExists
INFO: Ensured table exists: scheduler.sms_test_20250712
Aug 07, 2025 3:11:52 AM com.telcobright.db.repository.GenericMultiTableRepository createTableIfNotExists
INFO: Ensured table exists: scheduler.sms_test_20250713
Aug 07, 2025 3:11:52 AM com.telcobright.db.repository.GenericMultiTableRepository createTableIfNotExists
INFO: Ensured table exists: scheduler.sms_test_20250714
Aug 07, 2025 3:11:52 AM com.telcobright.db.repository.GenericMultiTableRepository createTableIfNotExists
INFO: Ensured table exists: scheduler.sms_test_20250715
Aug 07, 2025 3:11:52 AM com.telcobright.db.repository.GenericMultiTableRepository createTableIfNotExists
INFO: Ensured table exists: scheduler.sms_test_20250716
Aug 07, 2025 3:11:52 AM com.telcobright.db.repository.GenericMultiTableRepository createTableIfNotExists
INFO: Ensured table exists: scheduler.sms_test_20250717
Aug 07, 2025 3:11:52 AM com.telcobright.db.repository.GenericMultiTableRepository createTableIfNotExists
INFO: Ensured table exists: scheduler.sms_test_20250718
Aug 07, 2025 3:11:52 AM com.telcobright.db.repository.GenericMultiTableRepository createTableIfNotExists
INFO: Ensured table exists: scheduler.sms_test_20250719
Aug 07, 2025 3:11:52 AM com.telcobright.db.repository.GenericMultiTableRepository createTableIfNotExists
INFO: Ensured table exists: scheduler.sms_test_20250720
Aug 07, 2025 3:11:52 AM com.telcobright.db.repository.GenericMultiTableRepository createTableIfNotExists
INFO: Ensured table exists: scheduler.sms_test_20250721
Aug 07, 2025 3:11:52 AM com.telcobright.db.repository.GenericMultiTableRepository createTableIfNotExists
INFO: Ensured table exists: scheduler.sms_test_20250722
Aug 07, 2025 3:11:53 AM com.telcobright.db.repository.GenericMultiTableRepository createTableIfNotExists
INFO: Ensured table exists: scheduler.sms_test_20250723
Aug 07, 2025 3:11:53 AM com.telcobright.db.repository.GenericMultiTableRepository createTableIfNotExists
INFO: Ensured table exists: scheduler.sms_test_20250724
Aug 07, 2025 3:11:53 AM com.telcobright.db.repository.GenericMultiTableRepository createTableIfNotExists
INFO: Ensured table exists: scheduler.sms_test_20250725
Aug 07, 2025 3:11:53 AM com.telcobright.db.repository.GenericMultiTableRepository createTableIfNotExists
INFO: Ensured table exists: scheduler.sms_test_20250726
Aug 07, 2025 3:11:53 AM com.telcobright.db.repository.GenericMultiTableRepository createTableIfNotExists
INFO: Ensured table exists: scheduler.sms_test_20250727
Aug 07, 2025 3:11:53 AM com.telcobright.db.repository.GenericMultiTableRepository createTableIfNotExists
INFO: Ensured table exists: scheduler.sms_test_20250728
Aug 07, 2025 3:11:53 AM com.telcobright.db.repository.GenericMultiTableRepository createTableIfNotExists
INFO: Ensured table exists: scheduler.sms_test_20250729
Aug 07, 2025 3:11:53 AM com.telcobright.db.repository.GenericMultiTableRepository createTableIfNotExists
INFO: Ensured table exists: scheduler.sms_test_20250730
Aug 07, 2025 3:11:53 AM com.telcobright.db.repository.GenericMultiTableRepository createTableIfNotExists
INFO: Ensured table exists: scheduler.sms_test_20250731
Aug 07, 2025 3:11:53 AM com.telcobright.db.repository.GenericMultiTableRepository createTableIfNotExists
INFO: Ensured table exists: scheduler.sms_test_20250801
Aug 07, 2025 3:11:53 AM com.telcobright.db.repository.GenericMultiTableRepository createTableIfNotExists
INFO: Ensured table exists: scheduler.sms_test_20250802
Aug 07, 2025 3:11:53 AM com.telcobright.db.repository.GenericMultiTableRepository createTableIfNotExists
INFO: Ensured table exists: scheduler.sms_test_20250803
Aug 07, 2025 3:11:53 AM com.telcobright.db.repository.GenericMultiTableRepository createTableIfNotExists
INFO: Ensured table exists: scheduler.sms_test_20250804
Aug 07, 2025 3:11:53 AM com.telcobright.db.repository.GenericMultiTableRepository createTableIfNotExists
INFO: Ensured table exists: scheduler.sms_test_20250805
Aug 07, 2025 3:11:53 AM com.telcobright.db.repository.GenericMultiTableRepository createTableIfNotExists
INFO: Ensured table exists: scheduler.sms_test_20250806
Aug 07, 2025 3:11:53 AM com.telcobright.db.repository.GenericMultiTableRepository createTableIfNotExists
INFO: Ensured table exists: scheduler.sms_test_20250807
Aug 07, 2025 3:11:53 AM com.telcobright.db.repository.GenericMultiTableRepository createTableIfNotExists
INFO: Ensured table exists: scheduler.sms_test_20250808
Aug 07, 2025 3:11:53 AM com.telcobright.db.repository.GenericMultiTableRepository createTableIfNotExists
INFO: Ensured table exists: scheduler.sms_test_20250809
Aug 07, 2025 3:11:53 AM com.telcobright.db.repository.GenericMultiTableRepository createTableIfNotExists
INFO: Ensured table exists: scheduler.sms_test_20250810
Aug 07, 2025 3:11:53 AM com.telcobright.db.repository.GenericMultiTableRepository createTableIfNotExists
INFO: Ensured table exists: scheduler.sms_test_20250811
Aug 07, 2025 3:11:53 AM com.telcobright.db.repository.GenericMultiTableRepository createTableIfNotExists
INFO: Ensured table exists: scheduler.sms_test_20250812
Aug 07, 2025 3:11:53 AM com.telcobright.db.repository.GenericMultiTableRepository createTableIfNotExists
INFO: Ensured table exists: scheduler.sms_test_20250813
Aug 07, 2025 3:11:53 AM com.telcobright.db.repository.GenericMultiTableRepository createTableIfNotExists
INFO: Ensured table exists: scheduler.sms_test_20250814
Aug 07, 2025 3:11:53 AM com.telcobright.db.repository.GenericMultiTableRepository createTableIfNotExists
INFO: Ensured table exists: scheduler.sms_test_20250815
Aug 07, 2025 3:11:53 AM com.telcobright.db.repository.GenericMultiTableRepository createTableIfNotExists
INFO: Ensured table exists: scheduler.sms_test_20250816
Aug 07, 2025 3:11:53 AM com.telcobright.db.repository.GenericMultiTableRepository createTableIfNotExists
INFO: Ensured table exists: scheduler.sms_test_20250817
Aug 07, 2025 3:11:53 AM com.telcobright.db.repository.GenericMultiTableRepository createTableIfNotExists
INFO: Ensured table exists: scheduler.sms_test_20250818
Aug 07, 2025 3:11:53 AM com.telcobright.db.repository.GenericMultiTableRepository createTableIfNotExists
INFO: Ensured table exists: scheduler.sms_test_20250819
Aug 07, 2025 3:11:53 AM com.telcobright.db.repository.GenericMultiTableRepository createTableIfNotExists
INFO: Ensured table exists: scheduler.sms_test_20250820
Aug 07, 2025 3:11:54 AM com.telcobright.db.repository.GenericMultiTableRepository createTableIfNotExists
INFO: Ensured table exists: scheduler.sms_test_20250821
Aug 07, 2025 3:11:54 AM com.telcobright.db.repository.GenericMultiTableRepository createTableIfNotExists
INFO: Ensured table exists: scheduler.sms_test_20250822
Aug 07, 2025 3:11:54 AM com.telcobright.db.repository.GenericMultiTableRepository createTableIfNotExists
INFO: Ensured table exists: scheduler.sms_test_20250823
Aug 07, 2025 3:11:54 AM com.telcobright.db.repository.GenericMultiTableRepository createTableIfNotExists
INFO: Ensured table exists: scheduler.sms_test_20250824
Aug 07, 2025 3:11:54 AM com.telcobright.db.repository.GenericMultiTableRepository createTableIfNotExists
INFO: Ensured table exists: scheduler.sms_test_20250825
Aug 07, 2025 3:11:54 AM com.telcobright.db.repository.GenericMultiTableRepository createTableIfNotExists
INFO: Ensured table exists: scheduler.sms_test_20250826
Aug 07, 2025 3:11:54 AM com.telcobright.db.repository.GenericMultiTableRepository createTableIfNotExists
INFO: Ensured table exists: scheduler.sms_test_20250827
Aug 07, 2025 3:11:54 AM com.telcobright.db.repository.GenericMultiTableRepository createTableIfNotExists
INFO: Ensured table exists: scheduler.sms_test_20250828
Aug 07, 2025 3:11:54 AM com.telcobright.db.repository.GenericMultiTableRepository createTableIfNotExists
INFO: Ensured table exists: scheduler.sms_test_20250829
Aug 07, 2025 3:11:54 AM com.telcobright.db.repository.GenericMultiTableRepository createTableIfNotExists
INFO: Ensured table exists: scheduler.sms_test_20250830
Aug 07, 2025 3:11:54 AM com.telcobright.db.repository.GenericMultiTableRepository createTableIfNotExists
INFO: Ensured table exists: scheduler.sms_test_20250831
Aug 07, 2025 3:11:54 AM com.telcobright.db.repository.GenericMultiTableRepository createTableIfNotExists
INFO: Ensured table exists: scheduler.sms_test_20250901
Aug 07, 2025 3:11:54 AM com.telcobright.db.repository.GenericMultiTableRepository createTableIfNotExists
INFO: Ensured table exists: scheduler.sms_test_20250902
Aug 07, 2025 3:11:54 AM com.telcobright.db.repository.GenericMultiTableRepository createTableIfNotExists
INFO: Ensured table exists: scheduler.sms_test_20250903
Aug 07, 2025 3:11:54 AM com.telcobright.db.repository.GenericMultiTableRepository createTableIfNotExists
INFO: Ensured table exists: scheduler.sms_test_20250904
Aug 07, 2025 3:11:54 AM com.telcobright.db.repository.GenericMultiTableRepository createTableIfNotExists
INFO: Ensured table exists: scheduler.sms_test_20250905
Aug 07, 2025 3:11:54 AM com.telcobright.db.repository.GenericMultiTableRepository createTableIfNotExists
INFO: Ensured table exists: scheduler.sms_test_20250906
Aug 07, 2025 3:11:54 AM com.telcobright.db.repository.GenericMultiTableRepository createTableIfNotExists
INFO: Ensured table exists: scheduler.sms_test_20250807
Aug 07, 2025 3:11:54 AM com.telcobright.db.repository.GenericMultiTableRepository createTableIfNotExists
INFO: Ensured table exists: scheduler.sms_test_20250708
Aug 07, 2025 3:11:54 AM com.telcobright.db.repository.GenericMultiTableRepository createTableIfNotExists
INFO: Ensured table exists: scheduler.sms_test_20250709
Aug 07, 2025 3:11:54 AM com.telcobright.db.repository.GenericMultiTableRepository createTableIfNotExists
INFO: Ensured table exists: scheduler.sms_test_20250710
Aug 07, 2025 3:11:54 AM com.telcobright.db.repository.GenericMultiTableRepository createTableIfNotExists
INFO: Ensured table exists: scheduler.sms_test_20250711
Aug 07, 2025 3:11:54 AM com.telcobright.db.repository.GenericMultiTableRepository createTableIfNotExists
INFO: Ensured table exists: scheduler.sms_test_20250712
Aug 07, 2025 3:11:54 AM com.telcobright.db.repository.GenericMultiTableRepository createTableIfNotExists
INFO: Ensured table exists: scheduler.sms_test_20250713
Aug 07, 2025 3:11:54 AM com.telcobright.db.repository.GenericMultiTableRepository createTableIfNotExists
INFO: Ensured table exists: scheduler.sms_test_20250714
Aug 07, 2025 3:11:54 AM com.telcobright.db.repository.GenericMultiTableRepository createTableIfNotExists
INFO: Ensured table exists: scheduler.sms_test_20250715
Aug 07, 2025 3:11:54 AM com.telcobright.db.repository.GenericMultiTableRepository createTableIfNotExists
INFO: Ensured table exists: scheduler.sms_test_20250716
Aug 07, 2025 3:11:54 AM com.telcobright.db.repository.GenericMultiTableRepository createTableIfNotExists
INFO: Ensured table exists: scheduler.sms_test_20250717
Aug 07, 2025 3:11:54 AM com.telcobright.db.repository.GenericMultiTableRepository createTableIfNotExists
INFO: Ensured table exists: scheduler.sms_test_20250718
Aug 07, 2025 3:11:54 AM com.telcobright.db.repository.GenericMultiTableRepository createTableIfNotExists
INFO: Ensured table exists: scheduler.sms_test_20250719
Aug 07, 2025 3:11:54 AM com.telcobright.db.repository.GenericMultiTableRepository createTableIfNotExists
INFO: Ensured table exists: scheduler.sms_test_20250720
Aug 07, 2025 3:11:54 AM com.telcobright.db.repository.GenericMultiTableRepository createTableIfNotExists
INFO: Ensured table exists: scheduler.sms_test_20250721
Aug 07, 2025 3:11:54 AM com.telcobright.db.repository.GenericMultiTableRepository createTableIfNotExists
INFO: Ensured table exists: scheduler.sms_test_20250722
Aug 07, 2025 3:11:54 AM com.telcobright.db.repository.GenericMultiTableRepository createTableIfNotExists
INFO: Ensured table exists: scheduler.sms_test_20250723
Aug 07, 2025 3:11:54 AM com.telcobright.db.repository.GenericMultiTableRepository createTableIfNotExists
INFO: Ensured table exists: scheduler.sms_test_20250724
Aug 07, 2025 3:11:54 AM com.telcobright.db.repository.GenericMultiTableRepository createTableIfNotExists
INFO: Ensured table exists: scheduler.sms_test_20250725
Aug 07, 2025 3:11:54 AM com.telcobright.db.repository.GenericMultiTableRepository createTableIfNotExists
INFO: Ensured table exists: scheduler.sms_test_20250726
Aug 07, 2025 3:11:54 AM com.telcobright.db.repository.GenericMultiTableRepository createTableIfNotExists
INFO: Ensured table exists: scheduler.sms_test_20250727
Aug 07, 2025 3:11:54 AM com.telcobright.db.repository.GenericMultiTableRepository createTableIfNotExists
INFO: Ensured table exists: scheduler.sms_test_20250728
Aug 07, 2025 3:11:54 AM com.telcobright.db.repository.GenericMultiTableRepository createTableIfNotExists
INFO: Ensured table exists: scheduler.sms_test_20250729
Aug 07, 2025 3:11:54 AM com.telcobright.db.repository.GenericMultiTableRepository createTableIfNotExists
INFO: Ensured table exists: scheduler.sms_test_20250730
Aug 07, 2025 3:11:54 AM com.telcobright.db.repository.GenericMultiTableRepository createTableIfNotExists
INFO: Ensured table exists: scheduler.sms_test_20250731
Aug 07, 2025 3:11:54 AM com.telcobright.db.repository.GenericMultiTableRepository createTableIfNotExists
INFO: Ensured table exists: scheduler.sms_test_20250801
Aug 07, 2025 3:11:54 AM com.telcobright.db.repository.GenericMultiTableRepository createTableIfNotExists
INFO: Ensured table exists: scheduler.sms_test_20250802
Aug 07, 2025 3:11:54 AM com.telcobright.db.repository.GenericMultiTableRepository createTableIfNotExists
INFO: Ensured table exists: scheduler.sms_test_20250803
Aug 07, 2025 3:11:54 AM com.telcobright.db.repository.GenericMultiTableRepository createTableIfNotExists
INFO: Ensured table exists: scheduler.sms_test_20250804
Aug 07, 2025 3:11:54 AM com.telcobright.db.repository.GenericMultiTableRepository createTableIfNotExists
INFO: Ensured table exists: scheduler.sms_test_20250805
Aug 07, 2025 3:11:54 AM com.telcobright.db.repository.GenericMultiTableRepository createTableIfNotExists
INFO: Ensured table exists: scheduler.sms_test_20250806
Aug 07, 2025 3:11:54 AM com.telcobright.db.repository.GenericMultiTableRepository createTableIfNotExists
INFO: Ensured table exists: scheduler.sms_test_20250807
Aug 07, 2025 3:11:54 AM com.telcobright.db.repository.GenericMultiTableRepository createTableIfNotExists
INFO: Ensured table exists: scheduler.sms_test_20250808
Aug 07, 2025 3:11:54 AM com.telcobright.db.repository.GenericMultiTableRepository createTableIfNotExists
INFO: Ensured table exists: scheduler.sms_test_20250809
Aug 07, 2025 3:11:54 AM com.telcobright.db.repository.GenericMultiTableRepository createTableIfNotExists
INFO: Ensured table exists: scheduler.sms_test_20250810
Aug 07, 2025 3:11:54 AM com.telcobright.db.repository.GenericMultiTableRepository createTableIfNotExists
INFO: Ensured table exists: scheduler.sms_test_20250811
Aug 07, 2025 3:11:54 AM com.telcobright.db.repository.GenericMultiTableRepository createTableIfNotExists
INFO: Ensured table exists: scheduler.sms_test_20250812
Aug 07, 2025 3:11:54 AM com.telcobright.db.repository.GenericMultiTableRepository createTableIfNotExists
INFO: Ensured table exists: scheduler.sms_test_20250813
Aug 07, 2025 3:11:54 AM com.telcobright.db.repository.GenericMultiTableRepository createTableIfNotExists
INFO: Ensured table exists: scheduler.sms_test_20250814
Aug 07, 2025 3:11:54 AM com.telcobright.db.repository.GenericMultiTableRepository createTableIfNotExists
INFO: Ensured table exists: scheduler.sms_test_20250815
Aug 07, 2025 3:11:54 AM com.telcobright.db.repository.GenericMultiTableRepository createTableIfNotExists
INFO: Ensured table exists: scheduler.sms_test_20250816
Aug 07, 2025 3:11:54 AM com.telcobright.db.repository.GenericMultiTableRepository createTableIfNotExists
INFO: Ensured table exists: scheduler.sms_test_20250817
Aug 07, 2025 3:11:54 AM com.telcobright.db.repository.GenericMultiTableRepository createTableIfNotExists
INFO: Ensured table exists: scheduler.sms_test_20250818
Aug 07, 2025 3:11:54 AM com.telcobright.db.repository.GenericMultiTableRepository createTableIfNotExists
INFO: Ensured table exists: scheduler.sms_test_20250819
Aug 07, 2025 3:11:54 AM com.telcobright.db.repository.GenericMultiTableRepository createTableIfNotExists
INFO: Ensured table exists: scheduler.sms_test_20250820
Aug 07, 2025 3:11:54 AM com.telcobright.db.repository.GenericMultiTableRepository createTableIfNotExists
INFO: Ensured table exists: scheduler.sms_test_20250821
Aug 07, 2025 3:11:54 AM com.telcobright.db.repository.GenericMultiTableRepository createTableIfNotExists
INFO: Ensured table exists: scheduler.sms_test_20250822
Aug 07, 2025 3:11:54 AM com.telcobright.db.repository.GenericMultiTableRepository createTableIfNotExists
INFO: Ensured table exists: scheduler.sms_test_20250823
Aug 07, 2025 3:11:54 AM com.telcobright.db.repository.GenericMultiTableRepository createTableIfNotExists
INFO: Ensured table exists: scheduler.sms_test_20250824
Aug 07, 2025 3:11:54 AM com.telcobright.db.repository.GenericMultiTableRepository createTableIfNotExists
INFO: Ensured table exists: scheduler.sms_test_20250825
Aug 07, 2025 3:11:54 AM com.telcobright.db.repository.GenericMultiTableRepository createTableIfNotExists
INFO: Ensured table exists: scheduler.sms_test_20250826
Aug 07, 2025 3:11:54 AM com.telcobright.db.repository.GenericMultiTableRepository createTableIfNotExists
INFO: Ensured table exists: scheduler.sms_test_20250827
Aug 07, 2025 3:11:54 AM com.telcobright.db.repository.GenericMultiTableRepository createTableIfNotExists
INFO: Ensured table exists: scheduler.sms_test_20250828
Aug 07, 2025 3:11:54 AM com.telcobright.db.repository.GenericMultiTableRepository createTableIfNotExists
INFO: Ensured table exists: scheduler.sms_test_20250829
Aug 07, 2025 3:11:54 AM com.telcobright.db.repository.GenericMultiTableRepository createTableIfNotExists
INFO: Ensured table exists: scheduler.sms_test_20250830
Aug 07, 2025 3:11:54 AM com.telcobright.db.repository.GenericMultiTableRepository createTableIfNotExists
INFO: Ensured table exists: scheduler.sms_test_20250831
Aug 07, 2025 3:11:54 AM com.telcobright.db.repository.GenericMultiTableRepository createTableIfNotExists
INFO: Ensured table exists: scheduler.sms_test_20250901
Aug 07, 2025 3:11:54 AM com.telcobright.db.repository.GenericMultiTableRepository createTableIfNotExists
INFO: Ensured table exists: scheduler.sms_test_20250902
Aug 07, 2025 3:11:54 AM com.telcobright.db.repository.GenericMultiTableRepository createTableIfNotExists
INFO: Ensured table exists: scheduler.sms_test_20250903
Aug 07, 2025 3:11:54 AM com.telcobright.db.repository.GenericMultiTableRepository createTableIfNotExists
INFO: Ensured table exists: scheduler.sms_test_20250904
Aug 07, 2025 3:11:54 AM com.telcobright.db.repository.GenericMultiTableRepository createTableIfNotExists
INFO: Ensured table exists: scheduler.sms_test_20250905
Aug 07, 2025 3:11:54 AM com.telcobright.db.repository.GenericMultiTableRepository createTableIfNotExists
INFO: Ensured table exists: scheduler.sms_test_20250906
TABLE CREATION TEST FAILED: Table 'scheduler.sms_test' doesn't exist
java.sql.SQLSyntaxErrorException: Table 'scheduler.sms_test' doesn't exist
	at com.mysql.cj.jdbc.exceptions.SQLError.createSQLException(SQLError.java:121)
	at com.mysql.cj.jdbc.exceptions.SQLExceptionsMapping.translateException(SQLExceptionsMapping.java:122)
	at com.mysql.cj.jdbc.ClientPreparedStatement.executeInternal(ClientPreparedStatement.java:916)
	at com.mysql.cj.jdbc.ClientPreparedStatement.executeQuery(ClientPreparedStatement.java:972)
	at com.zaxxer.hikari.pool.ProxyPreparedStatement.executeQuery(ProxyPreparedStatement.java:52)
	at com.zaxxer.hikari.pool.HikariProxyPreparedStatement.executeQuery(HikariProxyPreparedStatement.java)
	at com.telcobright.db.repository.GenericMultiTableRepository.executeQuery(GenericMultiTableRepository.java:463)
	at com.telcobright.db.repository.GenericMultiTableRepository.findAllByDateRange(GenericMultiTableRepository.java:195)
	at com.telcobright.scheduler.TableCreationTest.testTableCreationWithScheduledTimePartitioning(TableCreationTest.java:54)
	at java.base/jdk.internal.reflect.DirectMethodHandleAccessor.invoke(DirectMethodHandleAccessor.java:103)
	at java.base/java.lang.reflect.Method.invoke(Method.java:580)
	at org.junit.platform.commons.util.ReflectionUtils.invokeMethod(ReflectionUtils.java:728)
	at org.junit.jupiter.engine.execution.MethodInvocation.proceed(MethodInvocation.java:60)
	at org.junit.jupiter.engine.execution.InvocationInterceptorChain$ValidatingInvocation.proceed(InvocationInterceptorChain.java:131)
	at org.junit.jupiter.engine.extension.TimeoutExtension.intercept(TimeoutExtension.java:156)
	at org.junit.jupiter.engine.extension.TimeoutExtension.interceptTestableMethod(TimeoutExtension.java:147)
	at org.junit.jupiter.engine.extension.TimeoutExtension.interceptTestMethod(TimeoutExtension.java:86)
	at org.junit.jupiter.engine.execution.InterceptingExecutableInvoker$ReflectiveInterceptorCall.lambda$ofVoidMethod$0(InterceptingExecutableInvoker.java:103)
	at org.junit.jupiter.engine.execution.InterceptingExecutableInvoker.lambda$invoke$0(InterceptingExecutableInvoker.java:93)
	at org.junit.jupiter.engine.execution.InvocationInterceptorChain$InterceptedInvocation.proceed(InvocationInterceptorChain.java:106)
	at org.junit.jupiter.engine.execution.InvocationInterceptorChain.proceed(InvocationInterceptorChain.java:64)
	at org.junit.jupiter.engine.execution.InvocationInterceptorChain.chainAndInvoke(InvocationInterceptorChain.java:45)
	at org.junit.jupiter.engine.execution.InvocationInterceptorChain.invoke(InvocationInterceptorChain.java:37)
	at org.junit.jupiter.engine.execution.InterceptingExecutableInvoker.invoke(InterceptingExecutableInvoker.java:92)
	at org.junit.jupiter.engine.execution.InterceptingExecutableInvoker.invoke(InterceptingExecutableInvoker.java:86)
	at org.junit.jupiter.engine.descriptor.TestMethodTestDescriptor.lambda$invokeTestMethod$7(TestMethodTestDescriptor.java:218)
	at org.junit.platform.engine.support.hierarchical.ThrowableCollector.execute(ThrowableCollector.java:73)
	at org.junit.jupiter.engine.descriptor.TestMethodTestDescriptor.invokeTestMethod(TestMethodTestDescriptor.java:214)
	at org.junit.jupiter.engine.descriptor.TestMethodTestDescriptor.execute(TestMethodTestDescriptor.java:139)
	at org.junit.jupiter.engine.descriptor.TestMethodTestDescriptor.execute(TestMethodTestDescriptor.java:69)
	at org.junit.platform.engine.support.hierarchical.NodeTestTask.lambda$executeRecursively$6(NodeTestTask.java:151)
	at org.junit.platform.engine.support.hierarchical.ThrowableCollector.execute(ThrowableCollector.java:73)
	at org.junit.platform.engine.support.hierarchical.NodeTestTask.lambda$executeRecursively$8(NodeTestTask.java:141)
	at org.junit.platform.engine.support.hierarchical.Node.around(Node.java:137)
	at org.junit.platform.engine.support.hierarchical.NodeTestTask.lambda$executeRecursively$9(NodeTestTask.java:139)
	at org.junit.platform.engine.support.hierarchical.ThrowableCollector.execute(ThrowableCollector.java:73)
	at org.junit.platform.engine.support.hierarchical.NodeTestTask.executeRecursively(NodeTestTask.java:138)
	at org.junit.platform.engine.support.hierarchical.NodeTestTask.execute(NodeTestTask.java:95)
	at java.base/java.util.ArrayList.forEach(ArrayList.java:1596)
	at org.junit.platform.engine.support.hierarchical.SameThreadHierarchicalTestExecutorService.invokeAll(SameThreadHierarchicalTestExecutorService.java:41)
	at org.junit.platform.engine.support.hierarchical.NodeTestTask.lambda$executeRecursively$6(NodeTestTask.java:155)
	at org.junit.platform.engine.support.hierarchical.ThrowableCollector.execute(ThrowableCollector.java:73)
	at org.junit.platform.engine.support.hierarchical.NodeTestTask.lambda$executeRecursively$8(NodeTestTask.java:141)
	at org.junit.platform.engine.support.hierarchical.Node.around(Node.java:137)
	at org.junit.platform.engine.support.hierarchical.NodeTestTask.lambda$executeRecursively$9(NodeTestTask.java:139)
	at org.junit.platform.engine.support.hierarchical.ThrowableCollector.execute(ThrowableCollector.java:73)
	at org.junit.platform.engine.support.hierarchical.NodeTestTask.executeRecursively(NodeTestTask.java:138)
	at org.junit.platform.engine.support.hierarchical.NodeTestTask.execute(NodeTestTask.java:95)
	at java.base/java.util.ArrayList.forEach(ArrayList.java:1596)
	at org.junit.platform.engine.support.hierarchical.SameThreadHierarchicalTestExecutorService.invokeAll(SameThreadHierarchicalTestExecutorService.java:41)
	at org.junit.platform.engine.support.hierarchical.NodeTestTask.lambda$executeRecursively$6(NodeTestTask.java:155)
	at org.junit.platform.engine.support.hierarchical.ThrowableCollector.execute(ThrowableCollector.java:73)
	at org.junit.platform.engine.support.hierarchical.NodeTestTask.lambda$executeRecursively$8(NodeTestTask.java:141)
	at org.junit.platform.engine.support.hierarchical.Node.around(Node.java:137)
	at org.junit.platform.engine.support.hierarchical.NodeTestTask.lambda$executeRecursively$9(NodeTestTask.java:139)
	at org.junit.platform.engine.support.hierarchical.ThrowableCollector.execute(ThrowableCollector.java:73)
	at org.junit.platform.engine.support.hierarchical.NodeTestTask.executeRecursively(NodeTestTask.java:138)
	at org.junit.platform.engine.support.hierarchical.NodeTestTask.execute(NodeTestTask.java:95)
	at org.junit.platform.engine.support.hierarchical.SameThreadHierarchicalTestExecutorService.submit(SameThreadHierarchicalTestExecutorService.java:35)
	at org.junit.platform.engine.support.hierarchical.HierarchicalTestExecutor.execute(HierarchicalTestExecutor.java:57)
	at org.junit.platform.engine.support.hierarchical.HierarchicalTestEngine.execute(HierarchicalTestEngine.java:54)
	at org.junit.platform.launcher.core.EngineExecutionOrchestrator.execute(EngineExecutionOrchestrator.java:198)
	at org.junit.platform.launcher.core.EngineExecutionOrchestrator.execute(EngineExecutionOrchestrator.java:169)
	at org.junit.platform.launcher.core.EngineExecutionOrchestrator.execute(EngineExecutionOrchestrator.java:93)
	at org.junit.platform.launcher.core.EngineExecutionOrchestrator.lambda$execute$0(EngineExecutionOrchestrator.java:58)
	at org.junit.platform.launcher.core.EngineExecutionOrchestrator.withInterceptedStreams(EngineExecutionOrchestrator.java:141)
	at org.junit.platform.launcher.core.EngineExecutionOrchestrator.execute(EngineExecutionOrchestrator.java:57)
	at org.junit.platform.launcher.core.DefaultLauncher.execute(DefaultLauncher.java:103)
	at org.junit.platform.launcher.core.DefaultLauncher.execute(DefaultLauncher.java:85)
	at org.junit.platform.launcher.core.DelegatingLauncher.execute(DelegatingLauncher.java:47)
	at org.apache.maven.surefire.junitplatform.LazyLauncher.execute(LazyLauncher.java:56)
	at org.apache.maven.surefire.junitplatform.JUnitPlatformProvider.execute(JUnitPlatformProvider.java:184)
	at org.apache.maven.surefire.junitplatform.JUnitPlatformProvider.invokeAllTests(JUnitPlatformProvider.java:148)
	at org.apache.maven.surefire.junitplatform.JUnitPlatformProvider.invoke(JUnitPlatformProvider.java:122)
	at org.apache.maven.surefire.booter.ForkedBooter.runSuitesInProcess(ForkedBooter.java:385)
	at org.apache.maven.surefire.booter.ForkedBooter.execute(ForkedBooter.java:162)
	at org.apache.maven.surefire.booter.ForkedBooter.run(ForkedBooter.java:507)
	at org.apache.maven.surefire.booter.ForkedBooter.main(ForkedBooter.java:495)
]]></system-err>
  </testcase>
</testsuite>